2026-01-19 14:35:08,943 [Worker-1: Loading available Gradle versions] INFO  o.e.b.c.i.u.g.PublishedGradleVersions - Gradle version information cache is not available. Remote download required.
2026-01-19 14:35:32,144 [ModalContext] INFO  o.e.jgit.transport.TransportHttp - URI 'https://lab.ssafy.com/alsxxxz/java_ws_03_2': following HTTP redirect #0  https://lab.ssafy.com/alsxxxz/java_ws_03_2/ -> https://lab.ssafy.com/alsxxxz/java_ws_03_2.git/
2026-01-19 14:36:16,322 [ModalContext] INFO  o.e.jgit.transport.TransportHttp - URI 'https://lab.ssafy.com/alsxxxz/java_ws_03_2': following HTTP redirect #0  https://lab.ssafy.com/alsxxxz/java_ws_03_2/ -> https://lab.ssafy.com/alsxxxz/java_ws_03_2.git/
2026-01-19 14:37:32,050 [Worker-13: Fetching remote refs from https://lab.ssafy.com/alsxxxz/java_ws_03_2] INFO  o.e.jgit.transport.TransportHttp - URI 'https://lab.ssafy.com/alsxxxz/java_ws_03_2': following HTTP redirect #0  https://lab.ssafy.com/alsxxxz/java_ws_03_2/ -> https://lab.ssafy.com/alsxxxz/java_ws_03_2.git/
2026-01-19 14:37:35,158 [Worker-9: Push to https://lab.ssafy.com/alsxxxz/java_ws_03_2] INFO  o.e.jgit.transport.TransportHttp - URI 'https://lab.ssafy.com/alsxxxz/java_ws_03_2': following HTTP redirect #0  https://lab.ssafy.com/alsxxxz/java_ws_03_2/ -> https://lab.ssafy.com/alsxxxz/java_ws_03_2.git/
2026-01-19 14:38:25,889 [Worker-3: Fetching remote refs from https://lab.ssafy.com/alsxxxz/java_ws_03_2] INFO  o.e.jgit.transport.TransportHttp - URI 'https://lab.ssafy.com/alsxxxz/java_ws_03_2': following HTTP redirect #0  https://lab.ssafy.com/alsxxxz/java_ws_03_2/ -> https://lab.ssafy.com/alsxxxz/java_ws_03_2.git/
2026-01-19 14:38:28,163 [Worker-9: Push to https://lab.ssafy.com/alsxxxz/java_ws_03_2] INFO  o.e.jgit.transport.TransportHttp - URI 'https://lab.ssafy.com/alsxxxz/java_ws_03_2': following HTTP redirect #0  https://lab.ssafy.com/alsxxxz/java_ws_03_2/ -> https://lab.ssafy.com/alsxxxz/java_ws_03_2.git/
2026-01-19 14:39:26,464 [Worker-2: Push to java_ws_03_2 refs/heads/master - origin] INFO  o.e.jgit.transport.TransportHttp - URI 'https://lab.ssafy.com/alsxxxz/java_ws_03_2': following HTTP redirect #0  https://lab.ssafy.com/alsxxxz/java_ws_03_2/ -> https://lab.ssafy.com/alsxxxz/java_ws_03_2.git/
2026-01-19 14:43:11,569 [ModalContext] INFO  o.e.jgit.transport.TransportHttp - URI 'https://lab.ssafy.com/alsxxxz/java_ws_03_3': following HTTP redirect #0  https://lab.ssafy.com/alsxxxz/java_ws_03_3/ -> https://lab.ssafy.com/alsxxxz/java_ws_03_3.git/
2026-01-19 14:44:47,053 [ModalContext] INFO  o.e.jgit.transport.TransportHttp - URI 'https://lab.ssafy.com/alsxxxz/java_ws_03_3': following HTTP redirect #0  https://lab.ssafy.com/alsxxxz/java_ws_03_3/ -> https://lab.ssafy.com/alsxxxz/java_ws_03_3.git/
2026-01-19 14:44:57,987 [ModalContext] INFO  o.e.jgit.transport.TransportHttp - URI 'https://lab.ssafy.com/alsxxxz/java_ws_03_3': following HTTP redirect #0  https://lab.ssafy.com/alsxxxz/java_ws_03_3/ -> https://lab.ssafy.com/alsxxxz/java_ws_03_3.git/
2026-01-19 14:47:18,486 [Worker-18: Fetching remote refs from https://lab.ssafy.com/alsxxxz/java_ws_03_3] INFO  o.e.jgit.transport.TransportHttp - URI 'https://lab.ssafy.com/alsxxxz/java_ws_03_3': following HTTP redirect #0  https://lab.ssafy.com/alsxxxz/java_ws_03_3/ -> https://lab.ssafy.com/alsxxxz/java_ws_03_3.git/
2026-01-19 14:47:21,200 [Worker-20: Push to https://lab.ssafy.com/alsxxxz/java_ws_03_3] INFO  o.e.jgit.transport.TransportHttp - URI 'https://lab.ssafy.com/alsxxxz/java_ws_03_3': following HTTP redirect #0  https://lab.ssafy.com/alsxxxz/java_ws_03_3/ -> https://lab.ssafy.com/alsxxxz/java_ws_03_3.git/
2026-01-19 14:47:47,915 [Worker-20: Fetching remote refs from https://lab.ssafy.com/alsxxxz/java_ws_03_3] INFO  o.e.jgit.transport.TransportHttp - URI 'https://lab.ssafy.com/alsxxxz/java_ws_03_3': following HTTP redirect #0  https://lab.ssafy.com/alsxxxz/java_ws_03_3/ -> https://lab.ssafy.com/alsxxxz/java_ws_03_3.git/
2026-01-19 14:48:30,678 [Worker-19: Push to java_ws_03_3 refs/heads/master - origin] INFO  o.e.jgit.transport.TransportHttp - URI 'https://lab.ssafy.com/alsxxxz/java_ws_03_3': following HTTP redirect #0  https://lab.ssafy.com/alsxxxz/java_ws_03_3/ -> https://lab.ssafy.com/alsxxxz/java_ws_03_3.git/
2026-01-19 14:48:36,911 [Worker-18: Push to java_ws_03_3 - origin] INFO  o.e.jgit.transport.TransportHttp - URI 'https://lab.ssafy.com/alsxxxz/java_ws_03_3': following HTTP redirect #0  https://lab.ssafy.com/alsxxxz/java_ws_03_3/ -> https://lab.ssafy.com/alsxxxz/java_ws_03_3.git/
2026-01-19 14:48:40,520 [Worker-16: Push to java_ws_03_3 - origin] INFO  o.e.jgit.transport.TransportHttp - URI 'https://lab.ssafy.com/alsxxxz/java_ws_03_3': following HTTP redirect #0  https://lab.ssafy.com/alsxxxz/java_ws_03_3/ -> https://lab.ssafy.com/alsxxxz/java_ws_03_3.git/
2026-01-19 16:04:06,742 [Worker-6: Loading available Gradle versions] INFO  o.e.b.c.i.u.g.PublishedGradleVersions - Gradle version information cache is up-to-date. Trying to read.
2026-01-19 17:16:19,688 [Worker-7: Loading available Gradle versions] INFO  o.e.b.c.i.u.g.PublishedGradleVersions - Gradle version information cache is up-to-date. Trying to read.
2026-01-19 17:29:37,446 [Worker-3: Push to java_ws_03_2 refs/heads/master - origin] INFO  o.e.jgit.transport.TransportHttp - URI 'https://lab.ssafy.com/alsxxxz/java_ws_03_2': following HTTP redirect #0  https://lab.ssafy.com/alsxxxz/java_ws_03_2/ -> https://lab.ssafy.com/alsxxxz/java_ws_03_2.git/
2026-01-19 17:29:42,871 [Worker-15: Push to java_ws_03_2 - origin] INFO  o.e.jgit.transport.TransportHttp - URI 'https://lab.ssafy.com/alsxxxz/java_ws_03_2': following HTTP redirect #0  https://lab.ssafy.com/alsxxxz/java_ws_03_2/ -> https://lab.ssafy.com/alsxxxz/java_ws_03_2.git/
2026-01-19 17:30:44,787 [Worker-10: Fetching remote refs from https://lab.ssafy.com/alsxxxz/java_ws_03_2] INFO  o.e.jgit.transport.TransportHttp - URI 'https://lab.ssafy.com/alsxxxz/java_ws_03_2': following HTTP redirect #0  https://lab.ssafy.com/alsxxxz/java_ws_03_2/ -> https://lab.ssafy.com/alsxxxz/java_ws_03_2.git/
2026-01-19 17:30:47,450 [Worker-14: Push to https://lab.ssafy.com/alsxxxz/java_ws_03_2] INFO  o.e.jgit.transport.TransportHttp - URI 'https://lab.ssafy.com/alsxxxz/java_ws_03_2': following HTTP redirect #0  https://lab.ssafy.com/alsxxxz/java_ws_03_2/ -> https://lab.ssafy.com/alsxxxz/java_ws_03_2.git/
2026-01-19 17:32:25,091 [Worker-7: Loading available Gradle versions] INFO  o.e.b.c.i.u.g.PublishedGradleVersions - Gradle version information cache is up-to-date. Trying to read.
2026-01-19 17:46:59,361 [Worker-12: Loading available Gradle versions] INFO  o.e.b.c.i.u.g.PublishedGradleVersions - Gradle version information cache is up-to-date. Trying to read.
2026-01-19 17:52:42,405 [Worker-14: Fetching remote refs from https://lab.ssafy.com/alsxxxz/java_ws_03_2] INFO  o.e.jgit.transport.TransportHttp - URI 'https://lab.ssafy.com/alsxxxz/java_ws_03_2': following HTTP redirect #0  https://lab.ssafy.com/alsxxxz/java_ws_03_2/ -> https://lab.ssafy.com/alsxxxz/java_ws_03_2.git/
2026-01-19 17:52:44,120 [Worker-11: Push to https://lab.ssafy.com/alsxxxz/java_ws_03_2] INFO  o.e.jgit.transport.TransportHttp - URI 'https://lab.ssafy.com/alsxxxz/java_ws_03_2': following HTTP redirect #0  https://lab.ssafy.com/alsxxxz/java_ws_03_2/ -> https://lab.ssafy.com/alsxxxz/java_ws_03_2.git/
2026-01-20 09:02:33,672 [Worker-5: Loading available Gradle versions] INFO  o.e.b.c.i.u.g.PublishedGradleVersions - Gradle version information cache is up-to-date. Trying to read.
2026-01-20 09:37:49,410 [Worker-2: Loading available Gradle versions] INFO  o.e.b.c.i.u.g.PublishedGradleVersions - Gradle version information cache is up-to-date. Trying to read.
2026-01-20 10:12:07,987 [Worker-6: Loading available Gradle versions] INFO  o.e.b.c.i.u.g.PublishedGradleVersions - Gradle version information cache is up-to-date. Trying to read.
2026-01-20 11:06:55,428 [Worker-6: Loading available Gradle versions] INFO  o.e.b.c.i.u.g.PublishedGradleVersions - Gradle version information cache is up-to-date. Trying to read.
2026-01-20 11:07:42,206 [Worker-7: Loading available Gradle versions] INFO  o.e.b.c.i.u.g.PublishedGradleVersions - Gradle version information cache is up-to-date. Trying to read.
2026-01-20 13:09:38,616 [Worker-1: Loading available Gradle versions] INFO  o.e.b.c.i.u.g.PublishedGradleVersions - Gradle version information cache is up-to-date. Trying to read.
2026-01-20 15:22:19,358 [Worker-5: Loading available Gradle versions] INFO  o.e.b.c.i.u.g.PublishedGradleVersions - Gradle version information cache is out-of-date. Trying to update.
2026-01-20 17:35:50,836 [Worker-10: Loading available Gradle versions] INFO  o.e.b.c.i.u.g.PublishedGradleVersions - Gradle version information cache is up-to-date. Trying to read.
2026-01-20 17:36:40,760 [ModalContext] INFO  o.e.jgit.transport.TransportHttp - URI 'https://lab.ssafy.com/alsxxxz/java_ws_04_3': following HTTP redirect #0  https://lab.ssafy.com/alsxxxz/java_ws_04_3/ -> https://lab.ssafy.com/alsxxxz/java_ws_04_3.git/
2026-01-20 17:36:47,017 [ModalContext] INFO  o.e.jgit.transport.TransportHttp - URI 'https://lab.ssafy.com/alsxxxz/java_ws_04_3': following HTTP redirect #0  https://lab.ssafy.com/alsxxxz/java_ws_04_3/ -> https://lab.ssafy.com/alsxxxz/java_ws_04_3.git/
2026-01-21 09:13:29,997 [Worker-7: Loading available Gradle versions] INFO  o.e.b.c.i.u.g.PublishedGradleVersions - Gradle version information cache is up-to-date. Trying to read.
2026-01-21 10:57:17,878 [Worker-1: Loading available Gradle versions] INFO  o.e.b.c.i.u.g.PublishedGradleVersions - Gradle version information cache is up-to-date. Trying to read.
2026-01-21 11:53:23,252 [Worker-24: Push to java_ws_04_3 refs/heads/master - origin] INFO  o.e.jgit.transport.TransportHttp - URI 'https://lab.ssafy.com/alsxxxz/java_ws_04_3': following HTTP redirect #0  https://lab.ssafy.com/alsxxxz/java_ws_04_3/ -> https://lab.ssafy.com/alsxxxz/java_ws_04_3.git/
2026-01-21 13:31:58,884 [ModalContext] INFO  o.e.jgit.transport.TransportHttp - URI 'https://lab.ssafy.com/alsxxxz/java_ws_05_2': following HTTP redirect #0  https://lab.ssafy.com/alsxxxz/java_ws_05_2/ -> https://lab.ssafy.com/alsxxxz/java_ws_05_2.git/
2026-01-21 13:32:14,762 [ModalContext] INFO  o.e.jgit.transport.TransportHttp - URI 'https://lab.ssafy.com/alsxxxz/java_ws_05_2': following HTTP redirect #0  https://lab.ssafy.com/alsxxxz/java_ws_05_2/ -> https://lab.ssafy.com/alsxxxz/java_ws_05_2.git/
2026-01-21 15:31:08,882 [Worker-5: Loading available Gradle versions] INFO  o.e.b.c.i.u.g.PublishedGradleVersions - Gradle version information cache is out-of-date. Trying to update.
2026-01-21 15:33:39,188 [Worker-12: Push to java_ws_05_2 refs/heads/master - origin] INFO  o.e.jgit.transport.TransportHttp - URI 'https://lab.ssafy.com/alsxxxz/java_ws_05_2': following HTTP redirect #0  https://lab.ssafy.com/alsxxxz/java_ws_05_2/ -> https://lab.ssafy.com/alsxxxz/java_ws_05_2.git/
2026-01-21 15:33:46,673 [Worker-13: Push to java_ws_05_2 - origin] INFO  o.e.jgit.transport.TransportHttp - URI 'https://lab.ssafy.com/alsxxxz/java_ws_05_2': following HTTP redirect #0  https://lab.ssafy.com/alsxxxz/java_ws_05_2/ -> https://lab.ssafy.com/alsxxxz/java_ws_05_2.git/
2026-01-21 15:33:50,347 [Worker-8: Push to java_ws_05_2 - origin] INFO  o.e.jgit.transport.TransportHttp - URI 'https://lab.ssafy.com/alsxxxz/java_ws_05_2': following HTTP redirect #0  https://lab.ssafy.com/alsxxxz/java_ws_05_2/ -> https://lab.ssafy.com/alsxxxz/java_ws_05_2.git/
2026-01-21 16:16:19,858 [Worker-5: Loading available Gradle versions] INFO  o.e.b.c.i.u.g.PublishedGradleVersions - Gradle version information cache is up-to-date. Trying to read.
2026-01-22 09:12:34,487 [Worker-7: Loading available Gradle versions] INFO  o.e.b.c.i.u.g.PublishedGradleVersions - Gradle version information cache is up-to-date. Trying to read.
2026-01-22 11:05:11,580 [Worker-1: Loading available Gradle versions] INFO  o.e.b.c.i.u.g.PublishedGradleVersions - Gradle version information cache is up-to-date. Trying to read.
2026-01-22 11:12:55,661 [ModalContext] INFO  o.e.jgit.transport.TransportHttp - URI 'https://lab.ssafy.com/alsxxxz/java_ws_07_2': following HTTP redirect #0  https://lab.ssafy.com/alsxxxz/java_ws_07_2/ -> https://lab.ssafy.com/alsxxxz/java_ws_07_2.git/
2026-01-22 11:13:08,862 [ModalContext] INFO  o.e.jgit.transport.TransportHttp - URI 'https://lab.ssafy.com/alsxxxz/java_ws_07_2': following HTTP redirect #0  https://lab.ssafy.com/alsxxxz/java_ws_07_2/ -> https://lab.ssafy.com/alsxxxz/java_ws_07_2.git/
2026-01-22 11:20:27,931 [ModalContext] INFO  o.e.jgit.transport.TransportHttp - URI 'https://lab.ssafy.com/alsxxxz/java_ws_06_2': following HTTP redirect #0  https://lab.ssafy.com/alsxxxz/java_ws_06_2/ -> https://lab.ssafy.com/alsxxxz/java_ws_06_2.git/
2026-01-22 11:21:29,645 [ModalContext] INFO  o.e.jgit.transport.TransportHttp - URI 'https://lab.ssafy.com/alsxxxz/java_ws_06_2': following HTTP redirect #0  https://lab.ssafy.com/alsxxxz/java_ws_06_2/ -> https://lab.ssafy.com/alsxxxz/java_ws_06_2.git/
2026-01-22 11:32:47,690 [Worker-19: Push to java_ws_06_2 refs/heads/master - origin] INFO  o.e.jgit.transport.TransportHttp - URI 'https://lab.ssafy.com/alsxxxz/java_ws_06_2': following HTTP redirect #0  https://lab.ssafy.com/alsxxxz/java_ws_06_2/ -> https://lab.ssafy.com/alsxxxz/java_ws_06_2.git/
2026-01-22 11:32:53,000 [Worker-19: Push to java_ws_06_2 - origin] INFO  o.e.jgit.transport.TransportHttp - URI 'https://lab.ssafy.com/alsxxxz/java_ws_06_2': following HTTP redirect #0  https://lab.ssafy.com/alsxxxz/java_ws_06_2/ -> https://lab.ssafy.com/alsxxxz/java_ws_06_2.git/
2026-01-22 12:11:10,553 [Worker-3: Loading available Gradle versions] INFO  o.e.b.c.i.u.g.PublishedGradleVersions - Gradle version information cache is up-to-date. Trying to read.
2026-01-23 09:08:35,598 [Worker-5: Loading available Gradle versions] INFO  o.e.b.c.i.u.g.PublishedGradleVersions - Gradle version information cache is out-of-date. Trying to update.
2026-01-23 10:14:57,680 [Worker-2: Loading available Gradle versions] INFO  o.e.b.c.i.u.g.PublishedGradleVersions - Gradle version information cache is up-to-date. Trying to read.
2026-01-23 10:16:38,317 [Worker-13: Push to java_ws_06_2 refs/heads/master - origin] INFO  o.e.jgit.transport.TransportHttp - URI 'https://lab.ssafy.com/alsxxxz/java_ws_06_2': following HTTP redirect #0  https://lab.ssafy.com/alsxxxz/java_ws_06_2/ -> https://lab.ssafy.com/alsxxxz/java_ws_06_2.git/
2026-01-23 10:16:44,209 [Worker-1: Push to java_ws_06_2 - origin] INFO  o.e.jgit.transport.TransportHttp - URI 'https://lab.ssafy.com/alsxxxz/java_ws_06_2': following HTTP redirect #0  https://lab.ssafy.com/alsxxxz/java_ws_06_2/ -> https://lab.ssafy.com/alsxxxz/java_ws_06_2.git/
2026-01-23 10:19:14,824 [Worker-16: Fetching remote refs from https://lab.ssafy.com/alsxxxz/java_ws_06_2] INFO  o.e.jgit.transport.TransportHttp - URI 'https://lab.ssafy.com/alsxxxz/java_ws_06_2': following HTTP redirect #0  https://lab.ssafy.com/alsxxxz/java_ws_06_2/ -> https://lab.ssafy.com/alsxxxz/java_ws_06_2.git/
2026-01-23 10:21:25,090 [Worker-21: Push to java_ws_07_2 refs/heads/master - origin] INFO  o.e.jgit.transport.TransportHttp - URI 'https://lab.ssafy.com/alsxxxz/java_ws_07_2': following HTTP redirect #0  https://lab.ssafy.com/alsxxxz/java_ws_07_2/ -> https://lab.ssafy.com/alsxxxz/java_ws_07_2.git/
2026-01-23 10:30:23,596 [Worker-1: Loading available Gradle versions] INFO  o.e.b.c.i.u.g.PublishedGradleVersions - Gradle version information cache is up-to-date. Trying to read.
2026-01-23 10:33:15,786 [Worker-5: Loading available Gradle versions] INFO  o.e.b.c.i.u.g.PublishedGradleVersions - Gradle version information cache is up-to-date. Trying to read.
2026-01-23 10:46:29,740 [ModalContext] INFO  o.e.jgit.transport.TransportHttp - URI 'https://lab.ssafy.com/alsxxxz/java_ws_01_1': following HTTP redirect #0  https://lab.ssafy.com/alsxxxz/java_ws_01_1/ -> https://lab.ssafy.com/alsxxxz/java_ws_01_1.git/
2026-01-23 10:46:42,550 [ModalContext] INFO  o.e.jgit.transport.TransportHttp - URI 'https://lab.ssafy.com/alsxxxz/java_ws_01_1': following HTTP redirect #0  https://lab.ssafy.com/alsxxxz/java_ws_01_1/ -> https://lab.ssafy.com/alsxxxz/java_ws_01_1.git/
2026-01-23 11:32:39,591 [Worker-20: Push to java_ws_01_1 refs/heads/master - origin] INFO  o.e.jgit.transport.TransportHttp - URI 'https://lab.ssafy.com/alsxxxz/java_ws_01_1': following HTTP redirect #0  https://lab.ssafy.com/alsxxxz/java_ws_01_1/ -> https://lab.ssafy.com/alsxxxz/java_ws_01_1.git/
2026-01-23 11:32:44,778 [Worker-23: Push to java_ws_01_1 - origin] INFO  o.e.jgit.transport.TransportHttp - URI 'https://lab.ssafy.com/alsxxxz/java_ws_01_1': following HTTP redirect #0  https://lab.ssafy.com/alsxxxz/java_ws_01_1/ -> https://lab.ssafy.com/alsxxxz/java_ws_01_1.git/
2026-01-26 11:20:21,854 [Worker-5: Loading available Gradle versions] INFO  o.e.b.c.i.u.g.PublishedGradleVersions - Gradle version information cache is out-of-date. Trying to update.
2026-01-26 11:24:08,622 [Worker-3: Loading available Gradle versions] INFO  o.e.b.c.i.u.g.PublishedGradleVersions - Gradle version information cache is up-to-date. Trying to read.
2026-01-26 11:25:56,827 [ModalContext] INFO  o.e.jgit.transport.TransportHttp - URI 'https://lab.ssafy.com/alsxxxz/java_ws_07_3': following HTTP redirect #0  https://lab.ssafy.com/alsxxxz/java_ws_07_3/ -> https://lab.ssafy.com/alsxxxz/java_ws_07_3.git/
2026-01-26 11:26:08,590 [ModalContext] INFO  o.e.jgit.transport.TransportHttp - URI 'https://lab.ssafy.com/alsxxxz/java_ws_07_3': following HTTP redirect #0  https://lab.ssafy.com/alsxxxz/java_ws_07_3/ -> https://lab.ssafy.com/alsxxxz/java_ws_07_3.git/
2026-01-26 15:03:47,739 [ModalContext] INFO  o.e.jgit.transport.TransportHttp - URI 'https://lab.ssafy.com/alsxxxz/java_ws_08_2': following HTTP redirect #0  https://lab.ssafy.com/alsxxxz/java_ws_08_2/ -> https://lab.ssafy.com/alsxxxz/java_ws_08_2.git/
2026-01-26 15:03:56,459 [ModalContext] INFO  o.e.jgit.transport.TransportHttp - URI 'https://lab.ssafy.com/alsxxxz/java_ws_08_2': following HTTP redirect #0  https://lab.ssafy.com/alsxxxz/java_ws_08_2/ -> https://lab.ssafy.com/alsxxxz/java_ws_08_2.git/
2026-01-26 17:00:52,494 [ModalContext] INFO  o.e.jgit.transport.TransportHttp - URI 'https://lab.ssafy.com/alsxxxz/java_ws_09_2': following HTTP redirect #0  https://lab.ssafy.com/alsxxxz/java_ws_09_2/ -> https://lab.ssafy.com/alsxxxz/java_ws_09_2.git/
2026-01-26 17:00:59,376 [ModalContext] INFO  o.e.jgit.transport.TransportHttp - URI 'https://lab.ssafy.com/alsxxxz/java_ws_09_2': following HTTP redirect #0  https://lab.ssafy.com/alsxxxz/java_ws_09_2/ -> https://lab.ssafy.com/alsxxxz/java_ws_09_2.git/
2026-01-26 17:49:59,077 [Worker-21: Push to java_ws_09_2 refs/heads/master - origin] INFO  o.e.jgit.transport.TransportHttp - URI 'https://lab.ssafy.com/alsxxxz/java_ws_09_2': following HTTP redirect #0  https://lab.ssafy.com/alsxxxz/java_ws_09_2/ -> https://lab.ssafy.com/alsxxxz/java_ws_09_2.git/
2026-01-26 17:50:03,800 [Worker-21: Push to java_ws_09_2 - origin] INFO  o.e.jgit.transport.TransportHttp - URI 'https://lab.ssafy.com/alsxxxz/java_ws_09_2': following HTTP redirect #0  https://lab.ssafy.com/alsxxxz/java_ws_09_2/ -> https://lab.ssafy.com/alsxxxz/java_ws_09_2.git/
2026-01-27 09:17:49,469 [Worker-9: Loading available Gradle versions] INFO  o.e.b.c.i.u.g.PublishedGradleVersions - Gradle version information cache is up-to-date. Trying to read.
2026-01-30 10:21:34,697 [Worker-6: Loading available Gradle versions] INFO  o.e.b.c.i.u.g.PublishedGradleVersions - Gradle version information cache is out-of-date. Trying to update.
2026-01-30 13:38:25,690 [Worker-2: Loading available Gradle versions] INFO  o.e.b.c.i.u.g.PublishedGradleVersions - Gradle version information cache is up-to-date. Trying to read.
2026-01-30 13:52:24,719 [Worker-4: Loading available Gradle versions] INFO  o.e.b.c.i.u.g.PublishedGradleVersions - Gradle version information cache is up-to-date. Trying to read.
2026-01-30 13:53:06,721 [Worker-7: Loading available Gradle versions] INFO  o.e.b.c.i.u.g.PublishedGradleVersions - Gradle version information cache is up-to-date. Trying to read.
2026-01-30 14:02:39,024 [Worker-1: Loading available Gradle versions] INFO  o.e.b.c.i.u.g.PublishedGradleVersions - Gradle version information cache is up-to-date. Trying to read.
2026-01-30 15:45:55,985 [Worker-7: Loading available Gradle versions] INFO  o.e.b.c.i.u.g.PublishedGradleVersions - Gradle version information cache is up-to-date. Trying to read.
2026-01-30 15:50:31,622 [Worker-5: Loading available Gradle versions] INFO  o.e.b.c.i.u.g.PublishedGradleVersions - Gradle version information cache is up-to-date. Trying to read.
2026-01-30 15:56:59,505 [Worker-7: Loading available Gradle versions] INFO  o.e.b.c.i.u.g.PublishedGradleVersions - Gradle version information cache is up-to-date. Trying to read.
2026-02-02 12:07:07,299 [Worker-5: Loading available Gradle versions] INFO  o.e.b.c.i.u.g.PublishedGradleVersions - Gradle version information cache is up-to-date. Trying to read.
2026-02-13 16:28:23,605 [Worker-5: Loading available Gradle versions] INFO  o.e.b.c.i.u.g.PublishedGradleVersions - Gradle version information cache is out-of-date. Trying to update.
